client/android/Bustime/proguard/seeds.txt
me.chengdong.bustime.BustimeApplication
me.chengdong.bustime.BustimeApplication: BustimeApplication()
me.chengdong.bustime.activity.BaseActivity
me.chengdong.bustime.activity.BaseActivity: BaseActivity()
me.chengdong.bustime.activity.FavoriteActivity
me.chengdong.bustime.activity.FavoriteActivity: FavoriteActivity()
me.chengdong.bustime.activity.LineActivity
me.chengdong.bustime.activity.LineActivity: LineActivity()
me.chengdong.bustime.activity.MainActivity
me.chengdong.bustime.activity.MainActivity: MainActivity()
me.chengdong.bustime.activity.MoreActivity
me.chengdong.bustime.activity.MoreActivity: MoreActivity()
me.chengdong.bustime.activity.SingleLineActivity
me.chengdong.bustime.activity.SingleLineActivity: SingleLineActivity()
me.chengdong.bustime.activity.StationActivity
me.chengdong.bustime.activity.StationActivity: StationActivity()
me.chengdong.bustime.activity.StationBusActivity
me.chengdong.bustime.activity.StationBusActivity: StationBusActivity()
me.chengdong.bustime.activity.UpdateVersionActivity
me.chengdong.bustime.activity.UpdateVersionActivity: UpdateVersionActivity()
me.chengdong.bustime.meta.FavoriteType: me.chengdong.bustime.meta.FavoriteType[] values()
me.chengdong.bustime.meta.FavoriteType: me.chengdong.bustime.meta.FavoriteType valueOf(java.lang.String)
me.chengdong.bustime.receiver.JPushMessageReceiver
me.chengdong.bustime.ui.SideNavigationLayout
me.chengdong.bustime.ui.SideNavigationLayout: SideNavigationLayout(android.content.Context,android.util.AttributeSet,int)
me.chengdong.bustime.ui.SideNavigationLayout: SideNavigationLayout(android.content.Context,android.util.AttributeSet)
...
android.support.v4.view.accessibility.AccessibilityNodeProviderCompat$AccessibilityNodeProviderJellyBeanImpl
android.support.v4.view.accessibility.AccessibilityNodeProviderCompat$AccessibilityNodeProviderJellyBeanImpl: AccessibilityNodeProviderCompat$AccessibilityNodeProviderJellyBeanImpl()
android.support.v4.view.accessibility.AccessibilityNodeProviderCompat$AccessibilityNodeProviderJellyBeanImpl: java.lang.Object newAccessibilityNodeProviderBridge(android.support.v4.view.accessibility.AccessibilityNodeProviderCompat)
android.support.v4.view.accessibility.AccessibilityNodeProviderCompat$AccessibilityNodeProviderJellyBeanImpl$1
android.support.v4.view.accessibility.AccessibilityNodeProviderCompat$AccessibilityNodeProviderJellyBeanImpl$1: android.support.v4.view.accessibility.AccessibilityNodeProviderCompat val$compat
android.support.v4.view.accessibility.AccessibilityNodeProviderCompat$AccessibilityNodeProviderJellyBeanImpl$1: android.support.v4.view.accessibility.AccessibilityNodeProviderCompat$AccessibilityNodeProviderJellyBeanImpl this$0
android.support.v4.view.accessibility.AccessibilityNodeProviderCompat$AccessibilityNodeProviderJellyBeanImpl$1: AccessibilityNodeProviderCompat$AccessibilityNodeProviderJellyBeanImpl$1(android.support.v4.view.accessibility.AccessibilityNodeProviderCompat$AccessibilityNodeProviderJellyBeanImpl,android.support.v4.view.accessibility.AccessibilityNodeProviderCompat)
android.support.v4.view.accessibility.AccessibilityNodeProviderCompat$AccessibilityNodeProviderJellyBeanImpl$1: boolean performAction(int,int,android.os.Bundle)
android.support.v4.view.accessibility.AccessibilityNodeProviderCompat$AccessibilityNodeProviderJellyBeanImpl$1: java.util.List findAccessibilityNodeInfosByText(java.lang.String,int)
android.support.v4.view.accessibility.AccessibilityNodeProviderCompat$AccessibilityNodeProviderJellyBeanImpl$1: java.lang.Object createAccessibilityNodeInfo(int)
android.support.v4.view.accessibility.AccessibilityNodeProviderCompat$AccessibilityNodeProviderStubImpl
android.support.v4.view.accessibility.AccessibilityNodeProviderCompat$AccessibilityNodeProviderStubImpl: AccessibilityNodeProviderCompat$AccessibilityNodeProviderStubImpl()
android.support.v4.view.accessibility.AccessibilityNodeProviderCompat$AccessibilityNodeProviderStubImpl: java.lang.Object newAccessibilityNodeProviderBridge(android.support.v4.view.accessibility.AccessibilityNodeProviderCompat)
android.support.v4.view.accessibility.AccessibilityNodeProviderCompatJellyBean
android.support.v4.view.accessibility.AccessibilityNodeProviderCompatJellyBean: AccessibilityNodeProviderCompatJellyBean()
android.support.v4.view.accessibility.AccessibilityNodeProviderCompatJellyBean: java.lang.Object newAccessibilityNodeProviderBridge(android.support.v4.view.accessibility.AccessibilityNodeProviderCompatJellyBean$AccessibilityNodeInfoBridge)
android.support.v4.view.accessibility.AccessibilityNodeProviderCompatJellyBean$1
android.support.v4.view.accessibility.AccessibilityNodeProviderCompatJellyBean$1: android.support.v4.view.accessibility.AccessibilityNodeProviderCompatJellyBean$AccessibilityNodeInfoBridge val$bridge
android.support.v4.view.accessibility.AccessibilityNodeProviderCompatJellyBean$1: AccessibilityNodeProviderCompatJellyBean$1(android.support.v4.view.accessibility.AccessibilityNodeProviderCompatJellyBean$AccessibilityNodeInfoBridge)
android.support.v4.view.accessibility.AccessibilityNodeProviderCompatJellyBean$1: android.view.accessibility.AccessibilityNodeInfo createAccessibilityNodeInfo(int)
android.support.v4.view.accessibility.AccessibilityNodeProviderCompatJellyBean$1: java.util.List findAccessibilityNodeInfosByText(java.lang.String,int)
android.support.v4.view.accessibility.AccessibilityNodeProviderCompatJellyBean$1: boolean performAction(int,int,android.os.Bundle)