client/android/Bustime/proguard/mapping.txt
me.chengdong.bustime.BustimeApplication -> me.chengdong.bustime.BustimeApplication:
    java.lang.String TAG -> a
    void onCreate() -> onCreate
    void onTerminate() -> onTerminate
me.chengdong.bustime.MyCrashHandler -> me.chengdong.bustime.a:
    me.chengdong.bustime.MyCrashHandler myCrashHandler -> a
    android.content.Context context -> b
    me.chengdong.bustime.MyCrashHandler getInstance() -> a
    void init(android.content.Context) -> a
    void uncaughtException(java.lang.Thread,java.lang.Throwable) -> uncaughtException
me.chengdong.bustime.activity.BaseActivity -> me.chengdong.bustime.activity.BaseActivity:
    android.app.ProgressDialog mLoadDialog -> a
    com.google.analytics.tracking.android.EasyTracker easyTracker -> b
    void onNewIntent(android.content.Intent) -> onNewIntent
    void onStart() -> onStart
    void onStop() -> onStop
    void openProgressDialog() -> a
    void closeProgressDialog() -> b
me.chengdong.bustime.activity.FavoriteActivity -> me.chengdong.bustime.activity.FavoriteActivity:
    java.lang.String TAG -> i
    android.widget.ImageView noFavorite -> a
    android.widget.ImageView listBottom -> b
    android.widget.ListView favoriteListView -> c
    android.widget.Button mSelectStationBtn -> d
    android.widget.Button mSelectLineBtn -> e
    android.widget.Button mEditBtn -> f
    boolean editable -> j
    me.chengdong.bustime.adapter.FavoriteAdapter mAdapter -> g
    java.util.List mFavoriteList -> h
    me.chengdong.bustime.meta.FavoriteType favoriteType -> k
    void onCreate(android.os.Bundle) -> onCreate
    void onResume() -> onResume
    void onItemClick(android.widget.AdapterView,android.view.View,int,long) -> onItemClick
    void onClick(android.view.View) -> onClick
    me.chengdong.bustime.meta.FavoriteType access$0(me.chengdong.bustime.activity.FavoriteActivity) -> a
    java.lang.String access$1() -> a
me.chengdong.bustime.activity.FavoriteActivity$QueryFavoriteTask -> me.chengdong.bustime.activity.a:
    me.chengdong.bustime.activity.FavoriteActivity this$0 -> a
    void onPreExecute() -> onPreExecute
    java.lang.Void doInBackground$10299ca() -> a
    void onPostExecute(java.lang.Object) -> onPostExecute
    java.lang.Object doInBackground(java.lang.Object[]) -> doInBackground
me.chengdong.bustime.activity.LineActivity -> me.chengdong.bustime.activity.LineActivity:
    java.lang.String TAG -> h
    android.widget.ImageView mSearchClear -> c
    android.widget.EditText mLineEdittext -> d
    android.widget.ListView lineListView -> e
    android.widget.Button mSearchBtn -> f
    me.chengdong.bustime.db.TbConfigHandler tbConfigHandler -> g
    java.lang.String lineNumber -> i
    me.chengdong.bustime.adapter.LineInfoAdapter mAdapter -> j
    java.util.List mLineList -> k
    void onCreate(android.os.Bundle) -> onCreate
    void onResume() -> onResume
    void onPause() -> onPause
    void onClick(android.view.View) -> onClick
    void onItemClick(android.widget.AdapterView,android.view.View,int,long) -> onItemClick
    java.lang.String access$0(me.chengdong.bustime.activity.LineActivity) -> a
    java.util.List access$1(me.chengdong.bustime.activity.LineActivity) -> b
    java.lang.String access$2() -> c
    me.chengdong.bustime.adapter.LineInfoAdapter access$3(me.chengdong.bustime.activity.LineActivity) -> c
    void access$4(me.chengdong.bustime.activity.LineActivity,java.lang.String) -> a
me.chengdong.bustime.activity.LineActivity$1 -> me.chengdong.bustime.activity.b:
    me.chengdong.bustime.activity.LineActivity this$0 -> a
    void afterTextChanged(android.text.Editable) -> afterTextChanged
    void beforeTextChanged(java.lang.CharSequence,int,int,int) -> beforeTextChanged
    void onTextChanged(java.lang.CharSequence,int,int,int) -> onTextChanged
...
com.google.analytics.tracking.android.AnalyticsClient -> com.google.analytics.tracking.android.AnalyticsClient:
    void sendHit(java.util.Map,long,java.lang.String,java.util.List) -> sendHit
    void clearHits() -> clearHits
    void connect() -> connect
    void disconnect() -> disconnect
com.google.analytics.tracking.android.AnalyticsConstants -> com.google.analytics.tracking.android.AnalyticsConstants:
    int MAX_GET_LENGTH -> MAX_GET_LENGTH
    int MAX_POST_LENGTH -> MAX_POST_LENGTH
    int MAX_REQUESTS_PER_DISPATCH -> MAX_REQUESTS_PER_DISPATCH
    int MAX_NUM_STORED_HITS -> MAX_NUM_STORED_HITS
    java.lang.String PRODUCT -> PRODUCT
    java.lang.String VERSION -> VERSION
    java.lang.String INSTALL_DATA_FILE -> INSTALL_DATA_FILE
    java.lang.String CLIENT_ID_FILE -> CLIENT_ID_FILE
    java.lang.String OPT_OUT_FILE -> OPT_OUT_FILE
    java.lang.String OPTOUT_ID -> OPTOUT_ID
    int OPTOUT_TIME_CHECK_IN_SECONDS -> OPTOUT_TIME_CHECK_IN_SECONDS
    long MILLISECONDS_PER_MINUTE -> MILLISECONDS_PER_MINUTE
    long MILLISECONDS_PER_HOUR -> MILLISECONDS_PER_HOUR
    long MILLISECONDS_PER_DAY -> MILLISECONDS_PER_DAY
    long MILLISECONDS_PER_MONTH -> MILLISECONDS_PER_MONTH
    java.lang.String ANALYTICS_PATH_INSECURE -> ANALYTICS_PATH_INSECURE
    java.lang.String ANALYTICS_PATH_SECURE -> ANALYTICS_PATH_SECURE
    java.lang.String HIT_URL_MODEL_FIELD -> HIT_URL_MODEL_FIELD
com.google.analytics.tracking.android.AnalyticsGmsCoreClient -> com.google.analytics.tracking.android.AnalyticsGmsCoreClient:
    int BIND_FAILED -> BIND_FAILED
    int REMOTE_EXECUTION_FAILED -> REMOTE_EXECUTION_FAILED
    java.lang.String SERVICE_DESCRIPTOR -> SERVICE_DESCRIPTOR
    java.lang.String SERVICE_ACTION -> SERVICE_ACTION
    int BIND_ADJUST_WITH_ACTIVITY -> BIND_ADJUST_WITH_ACTIVITY
    java.lang.String KEY_APP_PACKAGE_NAME -> KEY_APP_PACKAGE_NAME
    android.content.ServiceConnection connection -> connection
    com.google.analytics.tracking.android.AnalyticsGmsCoreClient$OnConnectedListener onConnectedListener -> onConnectedListener
    com.google.analytics.tracking.android.AnalyticsGmsCoreClient$OnConnectionFailedListener onConnectionFailedListener -> onConnectionFailedListener
    android.content.Context context -> context
    com.google.android.gms.analytics.internal.IAnalyticsService service -> service
    void connect() -> connect
    void disconnect() -> disconnect
    void sendHit(java.util.Map,long,java.lang.String,java.util.List) -> sendHit
    void clearHits() -> clearHits
    com.google.android.gms.analytics.internal.IAnalyticsService getService() -> getService
    void checkConnected() -> checkConnected
    boolean isConnected() -> isConnected
    void onServiceBound() -> onServiceBound
    void onConnectionSuccess() -> onConnectionSuccess
com.google.analytics.tracking.android.AnalyticsGmsCoreClient$AnalyticsServiceConnection -> com.google.analytics.tracking.android.AnalyticsGmsCoreClient$AnalyticsServiceConnection:
    com.google.analytics.tracking.android.AnalyticsGmsCoreClient this$0 -> this$0
    void onServiceConnected(android.content.ComponentName,android.os.IBinder) -> onServiceConnected
    void onServiceDisconnected(android.content.ComponentName) -> onServiceDisconnected
com.google.analytics.tracking.android.AnalyticsGmsCoreClient$OnConnectedListener -> com.google.analytics.tracking.android.AnalyticsGmsCoreClient$OnConnectedListener:
    void onConnected() -> onConnected
    void onDisconnected() -> onDisconnected
com.google.analytics.tracking.android.AnalyticsGmsCoreClient$OnConnectionFailedListener -> com.google.analytics.tracking.android.AnalyticsGmsCoreClient$OnConnectionFailedListener:
    void onConnectionFailed(int,android.content.Intent) -> onConnectionFailed