client/android/Bustime/proguard/usage.txt
me.chengdong.bustime.BuildConfig
me.chengdong.bustime.MyCrashHandler:
    private static final java.lang.String TAG
me.chengdong.bustime.R
me.chengdong.bustime.R$array
me.chengdong.bustime.R$attr
me.chengdong.bustime.R$bool
me.chengdong.bustime.R$color
me.chengdong.bustime.R$dimen
me.chengdong.bustime.R$drawable
me.chengdong.bustime.R$id
me.chengdong.bustime.R$layout
me.chengdong.bustime.R$menu
me.chengdong.bustime.R$raw
me.chengdong.bustime.R$string
me.chengdong.bustime.R$style
me.chengdong.bustime.adapter.MoreAdapter
me.chengdong.bustime.adapter.MoreAdapter$ViewHolder
me.chengdong.bustime.db.TbConfigHandler:
    public static final java.lang.String TABLE
    private static final java.lang.String HAS_STATION_DATA
    private static final java.lang.String HAS_LINE_DATA
    private static final java.lang.String LINE_NUMBER_EDIT_VALUE
    private static final java.lang.String STATION_NAME_EDIT_VALUE
    private static final java.lang.String NO_CHECK_VERSION
    private static final java.lang.String COLUMN_KEY
    private static final java.lang.String COLUMN_VAL
    public static final java.lang.String CREATE_TABLE_SQL
    public static final java.lang.String DROP_TABLE_SQL
    public static final java.lang.String SELECT_BY_KEY
    public static final java.lang.String UPDATE_SQL
    public static final java.lang.String INSERT_SQL
    88:92:public boolean hasStationData()
    96:97:public void saveStationData()
    100:104:public boolean hasLineData()
    132:133:public void saveLineData()
me.chengdong.bustime.db.TbFavoriteHandler:
    public static final java.lang.String TABLE
    private static final java.lang.String COLUMN_CODE
    private static final java.lang.String COLUMN_NAME
    private static final java.lang.String COLUMN_TYPE
    private static final java.lang.String COLUMN_PROPERTY_ONE
    private static final java.lang.String COLUMN_PROPERTY_TWO
    private static final java.lang.String COLUMN_PROPERTY_THREE
    public static final java.lang.String CREATE_TABLE_SQL
    public static final java.lang.String DROP_TABLE_SQL
    public static final java.lang.String SELECT_BY_CODE
    public static final java.lang.String INSERT_SQL
    public static final java.lang.String SELECT_ALL
    public static final java.lang.String SELECT_BY_TYPE
    public static final java.lang.String DELETE_BY_CODE
    113:137:public boolean hasFavorite()
me.chengdong.bustime.db.TbLineHandler:
    public static final java.lang.String TABLE
    private static final java.lang.String COLUMN_CODE
    private static final java.lang.String COLUMN_NAME
    private static final java.lang.String COLUMN_S_NAME
    private static final java.lang.String COLUMN_RUN_TIME
    private static final java.lang.String COLUMN_START_STATION
    private static final java.lang.String COLUMN_END_STATION
    public static final java.lang.String CREATE_TABLE_SQL
    private static final java.lang.String SELECT_LIKE_BY_NAME
    private static final java.lang.String SELECT_CONDITION_IN_CODE
    private static final java.lang.String SELECT_BY_CODE
    public static final java.lang.String DROP_TABLE_SQL
    74:114:public void saveOrUpdate(java.lang.String)
me.chengdong.bustime.db.TbSingleLineHandler:
    public static final java.lang.String TABLE
    private static final java.lang.String COLUMN_LINE_GUID
    private static final java.lang.String COLUMN_STAND_CODE
    private static final java.lang.String COLUMN_STAND_NAME
    public static final java.lang.String CREATE_TABLE_SQL
    public static final java.lang.String DROP_TABLE_SQL
    private static final java.lang.String INSERT_SQL
    private static final java.lang.String SELECT_BY_LINE_GUID_SQL